build/app/intermediates/manifest_merge_blame_file/release/manifest-merger-blame-release-report.txt
1<?xml version="1.0" encoding="utf-8"?>
2<manifest xmlns:android="http://schemas.android.com/apk/res/android"
3    package="com.example.mandir_app"
4    android:versionCode="1"
5    android:versionName="1.0.0" >
6
7    <uses-sdk
8        android:minSdkVersion="20"
8-->src/main/AndroidManifest.xml
9        android:targetSdkVersion="33" />
9-->src/main/AndroidManifest.xml
10
11    <uses-permission android:name="android.permission.INTERNET" />
11-->src/main/AndroidManifest.xml:4:5-66
11-->src/main/AndroidManifest.xml:4:22-64
12    <uses-permission android:name="android.permission.REQUEST_INSTALL_PACKAGES" />
12-->src/main/AndroidManifest.xml:5:5-83
12-->src/main/AndroidManifest.xml:5:22-80
13
14    <queries>
14-->src/main/AndroidManifest.xml:46:5-67:15
15
16        <!-- If your app opens https URLs -->
17        <intent>
17-->src/main/AndroidManifest.xml:48:9-51:18
18            <action android:name="android.intent.action.VIEW" />
18-->src/main/AndroidManifest.xml:49:13-65
18-->src/main/AndroidManifest.xml:49:21-62
19
20            <data android:scheme="https" />
20-->src/main/AndroidManifest.xml:50:13-44
20-->src/main/AndroidManifest.xml:50:19-41
21        </intent>
22        <!-- If your app makes calls -->
23        <intent>
23-->src/main/AndroidManifest.xml:53:9-56:18
24            <action android:name="android.intent.action.DIAL" />
24-->src/main/AndroidManifest.xml:54:13-65
24-->src/main/AndroidManifest.xml:54:21-62
25
26            <data android:scheme="tel" />
26-->src/main/AndroidManifest.xml:50:13-44
26-->src/main/AndroidManifest.xml:50:19-41
27        </intent>
28        <!-- If your sends SMS messages -->
29        <intent>
29-->src/main/AndroidManifest.xml:58:9-61:18
30            <action android:name="android.intent.action.SENDTO" />
30-->src/main/AndroidManifest.xml:59:13-67
30-->src/main/AndroidManifest.xml:59:21-64
31
32            <data android:scheme="smsto" />
32-->src/main/AndroidManifest.xml:50:13-44
32-->src/main/AndroidManifest.xml:50:19-41
33        </intent>
34        <!-- If your app sends emails -->
35        <intent>
35-->src/main/AndroidManifest.xml:63:9-66:18
36            <action android:name="android.intent.action.SEND" />
36-->src/main/AndroidManifest.xml:64:13-65
36-->src/main/AndroidManifest.xml:64:21-62
37
38            <data android:mimeType="*/*" />
38-->src/main/AndroidManifest.xml:50:13-44
38-->src/main/AndroidManifest.xml:65:19-41
39        </intent>
40        <intent>
40-->[:flutter_downloader] AndroidManifest.xml:11:9-13:18
41            <action android:name="android.intent.action.VIEW" />
41-->src/main/AndroidManifest.xml:49:13-65
41-->src/main/AndroidManifest.xml:49:21-62
42        </intent>
43    </queries>
44
45    <uses-permission android:name="android.permission.POST_NOTIFICATIONS" />
45-->[:flutter_downloader] AndroidManifest.xml:16:5-77
45-->[:flutter_downloader] AndroidManifest.xml:16:22-74
46    <uses-permission android:name="android.permission.WAKE_LOCK" />
46-->[androidx.work:work-runtime:2.7.1] AndroidManifest.xml:25:5-68
46-->[androidx.work:work-runtime:2.7.1] AndroidManifest.xml:25:22-65
47    <uses-permission android:name="android.permission.ACCESS_NETWORK_STATE" />
47-->[androidx.work:work-runtime:2.7.1] AndroidManifest.xml:26:5-79
47-->[androidx.work:work-runtime:2.7.1] AndroidManifest.xml:26:22-76
48    <uses-permission android:name="android.permission.RECEIVE_BOOT_COMPLETED" />
48-->[androidx.work:work-runtime:2.7.1] AndroidManifest.xml:27:5-81
48-->[androidx.work:work-runtime:2.7.1] AndroidManifest.xml:27:22-78
49    <uses-permission android:name="android.permission.FOREGROUND_SERVICE" />
49-->[androidx.work:work-runtime:2.7.1] AndroidManifest.xml:28:5-77
49-->[androidx.work:work-runtime:2.7.1] AndroidManifest.xml:28:22-74
50
51    <permission
51-->[androidx.core:core:1.9.0] AndroidManifest.xml:22:5-24:47
52        android:name="com.example.mandir_app.DYNAMIC_RECEIVER_NOT_EXPORTED_PERMISSION"
52-->[androidx.core:core:1.9.0] AndroidManifest.xml:23:9-81
53        android:protectionLevel="signature" />
53-->[androidx.core:core:1.9.0] AndroidManifest.xml:24:9-44
54
55    <uses-permission android:name="com.example.mandir_app.DYNAMIC_RECEIVER_NOT_EXPORTED_PERMISSION" />
55-->[androidx.core:core:1.9.0] AndroidManifest.xml:26:5-97
55-->[androidx.core:core:1.9.0] AndroidManifest.xml:26:22-94
56
57    <application
58        android:name="android.app.Application"
58-->src/main/AndroidManifest.xml:8:9-42
59        android:appComponentFactory="androidx.core.app.CoreComponentFactory"
59-->[androidx.core:core:1.9.0] AndroidManifest.xml:28:18-86
60        android:icon="@mipmap/ic_launcher"
60-->src/main/AndroidManifest.xml:9:9-43
61        android:label="mandir_app" >
61-->src/main/AndroidManifest.xml:7:9-35
62        <activity
62-->src/main/AndroidManifest.xml:10:9-30:20
63            android:name="com.example.mandir_app.MainActivity"
63-->src/main/AndroidManifest.xml:11:13-41
64            android:configChanges="orientation|keyboardHidden|keyboard|screenSize|smallestScreenSize|locale|layoutDirection|fontScale|screenLayout|density|uiMode"
64-->src/main/AndroidManifest.xml:15:13-163
65            android:exported="true"
65-->src/main/AndroidManifest.xml:12:13-36
66            android:hardwareAccelerated="true"
66-->src/main/AndroidManifest.xml:16:13-47
67            android:launchMode="singleTop"
67-->src/main/AndroidManifest.xml:13:13-43
68            android:theme="@style/LaunchTheme"
68-->src/main/AndroidManifest.xml:14:13-47
69            android:windowSoftInputMode="adjustResize" >
69-->src/main/AndroidManifest.xml:17:13-55
70
71            <!--
72                 Specifies an Android theme to apply to this Activity as soon as
73                 the Android process has started. This theme is visible to the user
74                 while the Flutter UI initializes. After that, this theme continues
75                 to determine the Window background behind the Flutter UI.
76            -->
77            <meta-data
77-->src/main/AndroidManifest.xml:22:13-25:17
78                android:name="io.flutter.embedding.android.NormalTheme"
78-->src/main/AndroidManifest.xml:23:15-70
79                android:resource="@style/NormalTheme" />
79-->src/main/AndroidManifest.xml:24:15-52
80
81            <intent-filter>
81-->src/main/AndroidManifest.xml:26:13-29:29
82                <action android:name="android.intent.action.MAIN" />
82-->src/main/AndroidManifest.xml:27:17-68
82-->src/main/AndroidManifest.xml:27:25-66
83
84                <category android:name="android.intent.category.LAUNCHER" />
84-->src/main/AndroidManifest.xml:28:17-76
84-->src/main/AndroidManifest.xml:28:27-74
85            </intent-filter>
86        </activity>
87
88        <provider
89            android:name="vn.hunghd.flutterdownloader.DownloadedFileProvider"
89-->src/main/AndroidManifest.xml:32:13-78
90            android:authorities="com.example.mandir_app.flutter_downloader.provider"
90-->src/main/AndroidManifest.xml:33:13-79
91            android:exported="false"
91-->src/main/AndroidManifest.xml:34:13-37
92            android:grantUriPermissions="true" >
92-->src/main/AndroidManifest.xml:35:13-47
93            <meta-data
93-->src/main/AndroidManifest.xml:36:13-38:57
94                android:name="android.support.FILE_PROVIDER_PATHS"
94-->src/main/AndroidManifest.xml:37:17-67
95                android:resource="@xml/provider_paths" />
95-->src/main/AndroidManifest.xml:38:17-55
96        </provider>
97        <!--
98             Don't delete the meta-data below.
99             This is used by the Flutter tool to generate GeneratedPluginRegistrant.java
100        -->
101        <meta-data
101-->src/main/AndroidManifest.xml:42:9-44:33
102            android:name="flutterEmbedding"
102-->src/main/AndroidManifest.xml:43:13-44
103            android:value="2" />
103-->src/main/AndroidManifest.xml:44:13-30
104
105        <activity
105-->[:url_launcher_android] AndroidManifest.xml:10:9-13:74
106            android:name="io.flutter.plugins.urllauncher.WebViewActivity"
106-->[:url_launcher_android] AndroidManifest.xml:11:13-74
107            android:exported="false"
107-->[:url_launcher_android] AndroidManifest.xml:12:13-37
108            android:theme="@android:style/Theme.NoTitleBar.Fullscreen" />
108-->[:url_launcher_android] AndroidManifest.xml:13:13-71
109
110        <uses-library
110-->[androidx.window:window:1.0.0-beta04] AndroidManifest.xml:25:9-27:40
111            android:name="androidx.window.extensions"
111-->[androidx.window:window:1.0.0-beta04] AndroidManifest.xml:26:13-54
112            android:required="false" />
112-->[androidx.window:window:1.0.0-beta04] AndroidManifest.xml:27:13-37
113        <uses-library
113-->[androidx.window:window:1.0.0-beta04] AndroidManifest.xml:28:9-30:40
114            android:name="androidx.window.sidecar"
114-->[androidx.window:window:1.0.0-beta04] AndroidManifest.xml:29:13-51
115            android:required="false" />
115-->[androidx.window:window:1.0.0-beta04] AndroidManifest.xml:30:13-37
116
117        <provider
117-->[androidx.work:work-runtime:2.7.1] AndroidManifest.xml:31:9-39:20
118            android:name="androidx.startup.InitializationProvider"
118-->[androidx.work:work-runtime:2.7.1] AndroidManifest.xml:32:13-67
119            android:authorities="com.example.mandir_app.androidx-startup"
119-->[androidx.work:work-runtime:2.7.1] AndroidManifest.xml:33:13-68
120            android:exported="false" >
120-->[androidx.work:work-runtime:2.7.1] AndroidManifest.xml:34:13-37
121            <meta-data
121-->[androidx.work:work-runtime:2.7.1] AndroidManifest.xml:36:13-38:52
122                android:name="androidx.work.WorkManagerInitializer"
122-->[androidx.work:work-runtime:2.7.1] AndroidManifest.xml:37:17-68
123                android:value="androidx.startup" />
123-->[androidx.work:work-runtime:2.7.1] AndroidManifest.xml:38:17-49
124        </provider>
125
126        <service
126-->[androidx.work:work-runtime:2.7.1] AndroidManifest.xml:41:9-46:35
127            android:name="androidx.work.impl.background.systemalarm.SystemAlarmService"
127-->[androidx.work:work-runtime:2.7.1] AndroidManifest.xml:42:13-88
128            android:directBootAware="false"
128-->[androidx.work:work-runtime:2.7.1] AndroidManifest.xml:43:13-44
129            android:enabled="@bool/enable_system_alarm_service_default"
129-->[androidx.work:work-runtime:2.7.1] AndroidManifest.xml:44:13-72
130            android:exported="false" />
130-->[androidx.work:work-runtime:2.7.1] AndroidManifest.xml:45:13-37
131        <service
131-->[androidx.work:work-runtime:2.7.1] AndroidManifest.xml:47:9-53:35
132            android:name="androidx.work.impl.background.systemjob.SystemJobService"
132-->[androidx.work:work-runtime:2.7.1] AndroidManifest.xml:48:13-84
133            android:directBootAware="false"
133-->[androidx.work:work-runtime:2.7.1] AndroidManifest.xml:49:13-44
134            android:enabled="@bool/enable_system_job_service_default"
134-->[androidx.work:work-runtime:2.7.1] AndroidManifest.xml:50:13-70
135            android:exported="true"
135-->[androidx.work:work-runtime:2.7.1] AndroidManifest.xml:51:13-36
136            android:permission="android.permission.BIND_JOB_SERVICE" />
136-->[androidx.work:work-runtime:2.7.1] AndroidManifest.xml:52:13-69
137        <service
137-->[androidx.work:work-runtime:2.7.1] AndroidManifest.xml:54:9-59:35
138            android:name="androidx.work.impl.foreground.SystemForegroundService"
138-->[androidx.work:work-runtime:2.7.1] AndroidManifest.xml:55:13-81
139            android:directBootAware="false"
139-->[androidx.work:work-runtime:2.7.1] AndroidManifest.xml:56:13-44
140            android:enabled="@bool/enable_system_foreground_service_default"
140-->[androidx.work:work-runtime:2.7.1] AndroidManifest.xml:57:13-77
141            android:exported="false" />
141-->[androidx.work:work-runtime:2.7.1] AndroidManifest.xml:58:13-37
142
143        <receiver
143-->[androidx.work:work-runtime:2.7.1] AndroidManifest.xml:61:9-66:35
144            android:name="androidx.work.impl.utils.ForceStopRunnable$BroadcastReceiver"
144-->[androidx.work:work-runtime:2.7.1] AndroidManifest.xml:62:13-88
145            android:directBootAware="false"
145-->[androidx.work:work-runtime:2.7.1] AndroidManifest.xml:63:13-44
146            android:enabled="true"
146-->[androidx.work:work-runtime:2.7.1] AndroidManifest.xml:64:13-35
147            android:exported="false" />
147-->[androidx.work:work-runtime:2.7.1] AndroidManifest.xml:65:13-37
148        <receiver
148-->[androidx.work:work-runtime:2.7.1] AndroidManifest.xml:67:9-77:20
149            android:name="androidx.work.impl.background.systemalarm.ConstraintProxy$BatteryChargingProxy"
149-->[androidx.work:work-runtime:2.7.1] AndroidManifest.xml:68:13-106
150            android:directBootAware="false"
150-->[androidx.work:work-runtime:2.7.1] AndroidManifest.xml:69:13-44
151            android:enabled="false"
151-->[androidx.work:work-runtime:2.7.1] AndroidManifest.xml:70:13-36
152            android:exported="false" >
152-->[androidx.work:work-runtime:2.7.1] AndroidManifest.xml:71:13-37
153            <intent-filter>
153-->[androidx.work:work-runtime:2.7.1] AndroidManifest.xml:73:13-76:29
154                <action android:name="android.intent.action.ACTION_POWER_CONNECTED" />
154-->[androidx.work:work-runtime:2.7.1] AndroidManifest.xml:74:17-87
154-->[androidx.work:work-runtime:2.7.1] AndroidManifest.xml:74:25-84
155                <action android:name="android.intent.action.ACTION_POWER_DISCONNECTED" />
155-->[androidx.work:work-runtime:2.7.1] AndroidManifest.xml:75:17-90
155-->[androidx.work:work-runtime:2.7.1] AndroidManifest.xml:75:25-87
156            </intent-filter>
157        </receiver>
158        <receiver
158-->[androidx.work:work-runtime:2.7.1] AndroidManifest.xml:78:9-88:20
159            android:name="androidx.work.impl.background.systemalarm.ConstraintProxy$BatteryNotLowProxy"
159-->[androidx.work:work-runtime:2.7.1] AndroidManifest.xml:79:13-104
160            android:directBootAware="false"
160-->[androidx.work:work-runtime:2.7.1] AndroidManifest.xml:80:13-44
161            android:enabled="false"
161-->[androidx.work:work-runtime:2.7.1] AndroidManifest.xml:81:13-36
162            android:exported="false" >
162-->[androidx.work:work-runtime:2.7.1] AndroidManifest.xml:82:13-37
163            <intent-filter>
163-->[androidx.work:work-runtime:2.7.1] AndroidManifest.xml:84:13-87:29
164                <action android:name="android.intent.action.BATTERY_OKAY" />
164-->[androidx.work:work-runtime:2.7.1] AndroidManifest.xml:85:17-77
164-->[androidx.work:work-runtime:2.7.1] AndroidManifest.xml:85:25-74
165                <action android:name="android.intent.action.BATTERY_LOW" />
165-->[androidx.work:work-runtime:2.7.1] AndroidManifest.xml:86:17-76
165-->[androidx.work:work-runtime:2.7.1] AndroidManifest.xml:86:25-73
166            </intent-filter>
167        </receiver>
168        <receiver
168-->[androidx.work:work-runtime:2.7.1] AndroidManifest.xml:89:9-99:20
169            android:name="androidx.work.impl.background.systemalarm.ConstraintProxy$StorageNotLowProxy"
169-->[androidx.work:work-runtime:2.7.1] AndroidManifest.xml:90:13-104
170            android:directBootAware="false"
170-->[androidx.work:work-runtime:2.7.1] AndroidManifest.xml:91:13-44
171            android:enabled="false"
171-->[androidx.work:work-runtime:2.7.1] AndroidManifest.xml:92:13-36
172            android:exported="false" >
172-->[androidx.work:work-runtime:2.7.1] AndroidManifest.xml:93:13-37
173            <intent-filter>
173-->[androidx.work:work-runtime:2.7.1] AndroidManifest.xml:95:13-98:29
174                <action android:name="android.intent.action.DEVICE_STORAGE_LOW" />
174-->[androidx.work:work-runtime:2.7.1] AndroidManifest.xml:96:17-83
174-->[androidx.work:work-runtime:2.7.1] AndroidManifest.xml:96:25-80
175                <action android:name="android.intent.action.DEVICE_STORAGE_OK" />
175-->[androidx.work:work-runtime:2.7.1] AndroidManifest.xml:97:17-82
175-->[androidx.work:work-runtime:2.7.1] AndroidManifest.xml:97:25-79
176            </intent-filter>
177        </receiver>
178        <receiver
178-->[androidx.work:work-runtime:2.7.1] AndroidManifest.xml:100:9-109:20
179            android:name="androidx.work.impl.background.systemalarm.ConstraintProxy$NetworkStateProxy"
179-->[androidx.work:work-runtime:2.7.1] AndroidManifest.xml:101:13-103
180            android:directBootAware="false"
180-->[androidx.work:work-runtime:2.7.1] AndroidManifest.xml:102:13-44
181            android:enabled="false"
181-->[androidx.work:work-runtime:2.7.1] AndroidManifest.xml:103:13-36
182            android:exported="false" >
182-->[androidx.work:work-runtime:2.7.1] AndroidManifest.xml:104:13-37
183            <intent-filter>
183-->[androidx.work:work-runtime:2.7.1] AndroidManifest.xml:106:13-108:29
184                <action android:name="android.net.conn.CONNECTIVITY_CHANGE" />
184-->[androidx.work:work-runtime:2.7.1] AndroidManifest.xml:107:17-79
184-->[androidx.work:work-runtime:2.7.1] AndroidManifest.xml:107:25-76
185            </intent-filter>
186        </receiver>
187        <receiver
187-->[androidx.work:work-runtime:2.7.1] AndroidManifest.xml:110:9-121:20
188            android:name="androidx.work.impl.background.systemalarm.RescheduleReceiver"
188-->[androidx.work:work-runtime:2.7.1] AndroidManifest.xml:111:13-88
189            android:directBootAware="false"
189-->[androidx.work:work-runtime:2.7.1] AndroidManifest.xml:112:13-44
190            android:enabled="false"
190-->[androidx.work:work-runtime:2.7.1] AndroidManifest.xml:113:13-36
191            android:exported="false" >
191-->[androidx.work:work-runtime:2.7.1] AndroidManifest.xml:114:13-37
192            <intent-filter>
192-->[androidx.work:work-runtime:2.7.1] AndroidManifest.xml:116:13-120:29
193                <action android:name="android.intent.action.BOOT_COMPLETED" />
193-->[androidx.work:work-runtime:2.7.1] AndroidManifest.xml:117:17-79
193-->[androidx.work:work-runtime:2.7.1] AndroidManifest.xml:117:25-76
194                <action android:name="android.intent.action.TIME_SET" />
194-->[androidx.work:work-runtime:2.7.1] AndroidManifest.xml:118:17-73
194-->[androidx.work:work-runtime:2.7.1] AndroidManifest.xml:118:25-70
195                <action android:name="android.intent.action.TIMEZONE_CHANGED" />
195-->[androidx.work:work-runtime:2.7.1] AndroidManifest.xml:119:17-81
195-->[androidx.work:work-runtime:2.7.1] AndroidManifest.xml:119:25-78
196            </intent-filter>
197        </receiver>
198        <receiver
198-->[androidx.work:work-runtime:2.7.1] AndroidManifest.xml:122:9-131:20
199            android:name="androidx.work.impl.background.systemalarm.ConstraintProxyUpdateReceiver"
199-->[androidx.work:work-runtime:2.7.1] AndroidManifest.xml:123:13-99
200            android:directBootAware="false"
200-->[androidx.work:work-runtime:2.7.1] AndroidManifest.xml:124:13-44
201            android:enabled="@bool/enable_system_alarm_service_default"
201-->[androidx.work:work-runtime:2.7.1] AndroidManifest.xml:125:13-72
202            android:exported="false" >
202-->[androidx.work:work-runtime:2.7.1] AndroidManifest.xml:126:13-37
203            <intent-filter>
203-->[androidx.work:work-runtime:2.7.1] AndroidManifest.xml:128:13-130:29
204                <action android:name="androidx.work.impl.background.systemalarm.UpdateProxies" />
204-->[androidx.work:work-runtime:2.7.1] AndroidManifest.xml:129:17-98
204-->[androidx.work:work-runtime:2.7.1] AndroidManifest.xml:129:25-95
205            </intent-filter>
206        </receiver>
207        <receiver
207-->[androidx.work:work-runtime:2.7.1] AndroidManifest.xml:132:9-142:20
208            android:name="androidx.work.impl.diagnostics.DiagnosticsReceiver"
208-->[androidx.work:work-runtime:2.7.1] AndroidManifest.xml:133:13-78
209            android:directBootAware="false"
209-->[androidx.work:work-runtime:2.7.1] AndroidManifest.xml:134:13-44
210            android:enabled="true"
210-->[androidx.work:work-runtime:2.7.1] AndroidManifest.xml:135:13-35
211            android:exported="true"
211-->[androidx.work:work-runtime:2.7.1] AndroidManifest.xml:136:13-36
212            android:permission="android.permission.DUMP" >
212-->[androidx.work:work-runtime:2.7.1] AndroidManifest.xml:137:13-57
213            <intent-filter>
213-->[androidx.work:work-runtime:2.7.1] AndroidManifest.xml:139:13-141:29
214                <action android:name="androidx.work.diagnostics.REQUEST_DIAGNOSTICS" />
214-->[androidx.work:work-runtime:2.7.1] AndroidManifest.xml:140:17-88
214-->[androidx.work:work-runtime:2.7.1] AndroidManifest.xml:140:25-85
215            </intent-filter>
216        </receiver>
217
218        <service
218-->[androidx.room:room-runtime:2.2.5] AndroidManifest.xml:25:9-28:40
219            android:name="androidx.room.MultiInstanceInvalidationService"
219-->[androidx.room:room-runtime:2.2.5] AndroidManifest.xml:26:13-74
220            android:directBootAware="true"
220-->[androidx.room:room-runtime:2.2.5] AndroidManifest.xml:27:13-43
221            android:exported="false" />
221-->[androidx.room:room-runtime:2.2.5] AndroidManifest.xml:28:13-37
222    </application>
223
224</manifest>